Je charge 202599 images depuis data/celeba/img_align_celeba
  step   100 | G 3.2734 | D 0.1057
  step   200 | G 3.4669 | D 0.3259
  step   300 | G 3.2955 | D 0.3678
  step   400 | G 1.6989 | D 0.4018
  step   500 | G 2.0429 | D 0.4955
  step   600 | G 2.3014 | D 0.6295
  step   700 | G 1.9707 | D 0.8169
  step   800 | G 1.5622 | D 0.9690
  step   900 | G 1.4758 | D 0.8141
  step  1000 | G 1.8893 | D 0.9109
  step  1100 | G 2.3620 | D 1.0406
  step  1200 | G 1.4042 | D 0.9143
  step  1300 | G 1.5728 | D 0.8815
  step  1400 | G 1.7284 | D 0.8356
  step  1500 | G 1.1606 | D 0.8229
Epoch 00001 | G Loss: 2.5639 | D Loss: 0.6925 | Time: 1588.82s

============================================================
Résumé Epoch 00001
============================================================
Moyenne G Loss (derniers 1 epochs): 2.5639
Moyenne D Loss (derniers 1 epochs): 0.6925
============================================================

  step   100 | G 1.8978 | D 0.7284
  step   200 | G 1.1753 | D 0.7529
  step   300 | G 1.6194 | D 0.6924
  step   400 | G 2.1698 | D 0.8495
  step   500 | G 2.1023 | D 0.7052
  step   600 | G 1.7663 | D 0.8108
  step   700 | G 3.0617 | D 0.7270
  step   800 | G 1.8712 | D 0.6300
  step   900 | G 1.7655 | D 0.5866
  step  1000 | G 2.4331 | D 0.8512
  step  1100 | G 1.5713 | D 0.8632
  step  1200 | G 1.4256 | D 0.7997
  step  1300 | G 1.5433 | D 0.7107
  step  1400 | G 1.4728 | D 0.6171
  step  1500 | G 1.5187 | D 0.6585
Epoch 00002 | G Loss: 1.8621 | D Loss: 0.7696 | Time: 1592.60s
  step   100 | G 1.5945 | D 0.7171
  step   200 | G 1.6226 | D 0.6774
  step   300 | G 2.9312 | D 0.7215
  step   400 | G 1.8780 | D 0.6822
  step   500 | G 2.3351 | D 0.5665
  step   600 | G 1.9807 | D 0.7946
  step   700 | G 1.7467 | D 0.5660
  step   800 | G 2.1779 | D 0.7721
  step   900 | G 2.5561 | D 0.7239
  step  1000 | G 1.2587 | D 0.7994
  step  1100 | G 2.9046 | D 0.8453
  step  1200 | G 2.6131 | D 0.7473
  step  1300 | G 2.5214 | D 0.8009
  step  1400 | G 2.3121 | D 0.6574
  step  1500 | G 1.6432 | D 0.7515
Epoch 00003 | G Loss: 1.9952 | D Loss: 0.7318 | Time: 1587.78s
  step   100 | G 2.4417 | D 0.8385
  step   200 | G 2.2464 | D 0.6933
  step   300 | G 2.0871 | D 0.9096
  step   400 | G 1.8614 | D 0.6682
  step   500 | G 1.5385 | D 0.8337
  step   600 | G 1.9360 | D 0.7812
  step   700 | G 2.1531 | D 0.6419
  step   800 | G 2.3831 | D 0.7324
  step   900 | G 1.7028 | D 0.6818
  step  1000 | G 1.7603 | D 0.7197
  step  1100 | G 1.6039 | D 0.7430
  step  1200 | G 1.7068 | D 0.6879
  step  1300 | G 1.6709 | D 0.7843
  step  1400 | G 2.1016 | D 0.9325
  step  1500 | G 2.2619 | D 0.7027
Epoch 00004 | G Loss: 2.0006 | D Loss: 0.7647 | Time: 1589.33s
  step   100 | G 2.4847 | D 0.8583
  step   200 | G 2.3380 | D 0.7436
  step   300 | G 1.5785 | D 0.6878
  step   400 | G 2.2617 | D 0.6699
  step   500 | G 2.2895 | D 0.6859
  step   600 | G 1.9146 | D 0.8201
  step   700 | G 2.2414 | D 0.8488
  step   800 | G 2.5750 | D 0.7464
  step   900 | G 2.3620 | D 0.7546
  step  1000 | G 1.9695 | D 0.7698
  step  1100 | G 2.5065 | D 0.8828
  step  1200 | G 2.0497 | D 0.7487
  step  1300 | G 1.6670 | D 0.6962
  step  1400 | G 1.8606 | D 0.7008
  step  1500 | G 1.7613 | D 0.8234
Epoch 00005 | G Loss: 1.9134 | D Loss: 0.8141 | Time: 1578.69s
  step   100 | G 1.8670 | D 0.9156
  step   200 | G 1.4331 | D 0.8228
  step   300 | G 1.5035 | D 0.9062
  step   400 | G 1.7966 | D 0.6729
  step   500 | G 2.7093 | D 0.8905
  step   600 | G 1.7850 | D 0.7728
  step   700 | G 1.9573 | D 0.7692
  step   800 | G 2.0446 | D 0.7348
  step   900 | G 1.9119 | D 0.7774
  step  1000 | G 1.8597 | D 0.9509
  step  1100 | G 2.0012 | D 0.8467
  step  1200 | G 1.9482 | D 0.9130
  step  1300 | G 2.1436 | D 0.9608
  step  1400 | G 1.6386 | D 0.8296
  step  1500 | G 2.2192 | D 0.7388
Epoch 00006 | G Loss: 1.8886 | D Loss: 0.8339 | Time: 1591.17s
  step   100 | G 1.9567 | D 1.1168
  step   200 | G 2.4125 | D 0.7405
  step   300 | G 1.7807 | D 0.8705
  step   400 | G 1.5934 | D 0.8216
  step   500 | G 1.6351 | D 0.8337
  step   600 | G 1.5578 | D 0.7902
  step   700 | G 1.4524 | D 0.8420
  step   800 | G 2.6832 | D 0.9057
  step   900 | G 1.6784 | D 0.8860
  step  1000 | G 1.5029 | D 0.7839
  step  1100 | G 1.8928 | D 0.7899
  step  1200 | G 1.2611 | D 1.0830
  step  1300 | G 1.2333 | D 0.8493
  step  1400 | G 1.5899 | D 1.0174
  step  1500 | G 1.8999 | D 0.8036
Epoch 00007 | G Loss: 1.8371 | D Loss: 0.8565 | Time: 1605.87s
  step   100 | G 3.0090 | D 0.8636
  step   200 | G 2.0005 | D 0.8755
  step   300 | G 2.5335 | D 0.9806
  step   400 | G 2.4432 | D 0.8979
  step   500 | G 1.7107 | D 0.8492
  step   600 | G 1.9257 | D 0.8506
  step   700 | G 1.4234 | D 0.7812
  step   800 | G 1.8825 | D 0.8005
  step   900 | G 2.4270 | D 0.8531
  step  1000 | G 1.4089 | D 0.9251
  step  1100 | G 1.5751 | D 0.8480
  step  1200 | G 1.8173 | D 0.8457
  step  1300 | G 1.2863 | D 0.9137
  step  1400 | G 2.0224 | D 0.7897
  step  1500 | G 1.6404 | D 0.9368
Epoch 00008 | G Loss: 1.7660 | D Loss: 0.8968 | Time: 1585.72s
  step   100 | G 1.6246 | D 0.8625
  step   200 | G 1.8732 | D 0.8823
  step   300 | G 2.0993 | D 1.0168
  step   400 | G 1.2701 | D 0.8766
  step   500 | G 1.3225 | D 0.8969
  step   600 | G 1.9649 | D 0.9466
  step   700 | G 1.4539 | D 0.7684
  step   800 | G 1.9832 | D 0.8193
  step   900 | G 1.5367 | D 1.0096
  step  1000 | G 1.6151 | D 0.9464
  step  1100 | G 1.9200 | D 0.8714
  step  1200 | G 1.8633 | D 0.9901
  step  1300 | G 1.4324 | D 0.9175
  step  1400 | G 1.8693 | D 0.8937
  step  1500 | G 1.8520 | D 0.7935
Epoch 00009 | G Loss: 1.7468 | D Loss: 0.8894 | Time: 1563.82s
  step   100 | G 1.5307 | D 0.8402
  step   200 | G 2.0800 | D 0.7451
  step   300 | G 1.6640 | D 1.1332
  step   400 | G 1.9517 | D 0.8866
  step   500 | G 1.4801 | D 0.9321
  step   600 | G 1.6676 | D 0.9095
  step   700 | G 1.7062 | D 0.9160
  step   800 | G 1.5376 | D 1.0131
  step   900 | G 1.4015 | D 0.9989
  step  1000 | G 1.7424 | D 0.8844
  step  1100 | G 1.2918 | D 0.8552
  step  1200 | G 1.5136 | D 0.7639
  step  1300 | G 1.9100 | D 0.9951
  step  1400 | G 1.9949 | D 1.0364
  step  1500 | G 1.4948 | D 1.0141
Epoch 00010 | G Loss: 1.7435 | D Loss: 0.9107 | Time: 1552.74s
  step   100 | G 1.6947 | D 0.8266
  step   200 | G 1.9463 | D 1.0652
  step   300 | G 1.9181 | D 0.7768
  step   400 | G 1.5362 | D 0.9106
  step   500 | G 1.6733 | D 0.8826
  step   600 | G 1.8646 | D 0.9517
  step   700 | G 1.7724 | D 0.7460
  step   800 | G 1.2879 | D 1.1006
  step   900 | G 1.5363 | D 0.8146
  step  1000 | G 1.4309 | D 0.7942
  step  1100 | G 2.1139 | D 0.9489
  step  1200 | G 1.4901 | D 0.8919
  step  1300 | G 2.0080 | D 0.9303
  step  1400 | G 1.8442 | D 1.0019
  step  1500 | G 1.5256 | D 0.9604
Epoch 00011 | G Loss: 1.7076 | D Loss: 0.9063 | Time: 1562.70s
  step   100 | G 1.2134 | D 0.8758
  step   200 | G 1.4892 | D 0.8967
  step   300 | G 1.3849 | D 0.8861
  step   400 | G 1.4750 | D 0.9951
  step   500 | G 1.7742 | D 0.8736
  step   600 | G 1.5087 | D 0.8974
  step   700 | G 1.7183 | D 0.9615
  step   800 | G 1.7528 | D 0.7658
  step   900 | G 1.5851 | D 0.8625
  step  1000 | G 1.9688 | D 0.8432
  step  1100 | G 1.5018 | D 1.0244
  step  1200 | G 1.5870 | D 0.8553
  step  1300 | G 1.5859 | D 1.0729
  step  1400 | G 1.8108 | D 0.9364
  step  1500 | G 1.3228 | D 1.2822
Epoch 00012 | G Loss: 1.7069 | D Loss: 0.9590 | Time: 1607.42s
  step   100 | G 1.5469 | D 0.9614
  step   200 | G 1.3002 | D 0.9271
  step   300 | G 1.5075 | D 0.8905
  step   400 | G 1.3119 | D 0.8625
  step   500 | G 1.6719 | D 0.8729
  step   600 | G 1.5916 | D 0.9330
  step   700 | G 1.6422 | D 0.8580
  step   800 | G 2.0881 | D 0.8819
  step   900 | G 1.1227 | D 0.9049
  step  1000 | G 2.0033 | D 0.8730
  step  1100 | G 2.0683 | D 1.0115
  step  1200 | G 1.6735 | D 0.9623
  step  1300 | G 2.0347 | D 0.9343
  step  1400 | G 1.5771 | D 0.9548
  step  1500 | G 1.5197 | D 1.0467
Epoch 00013 | G Loss: 1.6246 | D Loss: 0.9119 | Time: 1575.91s
  step   100 | G 1.4784 | D 1.0758
  step   200 | G 1.7649 | D 0.9693
  step   300 | G 1.6071 | D 0.8894
  step   400 | G 1.7779 | D 0.9385
  step   500 | G 2.1040 | D 0.9330
  step   600 | G 1.6754 | D 0.8915
  step   700 | G 2.0868 | D 0.9132
  step   800 | G 1.4209 | D 0.9985
  step   900 | G 1.4603 | D 1.0431
  step  1000 | G 2.0621 | D 0.8404
  step  1100 | G 1.5094 | D 0.9111
  step  1200 | G 1.5839 | D 0.9496
  step  1300 | G 1.9424 | D 1.0718
  step  1400 | G 1.6958 | D 1.0476
  step  1500 | G 1.5900 | D 0.9744
Epoch 00014 | G Loss: 1.6669 | D Loss: 0.9299 | Time: 1565.26s
  step   100 | G 1.6256 | D 0.9379
  step   200 | G 1.7056 | D 0.9012
  step   300 | G 1.2545 | D 1.0293
  step   400 | G 1.6564 | D 0.8663
  step   500 | G 1.7094 | D 0.9053
  step   600 | G 1.6503 | D 1.0284
  step   700 | G 1.7184 | D 0.9836
  step   800 | G 1.4639 | D 1.0343
  step   900 | G 1.8173 | D 0.9650
  step  1000 | G 1.5039 | D 0.8675
  step  1100 | G 1.9605 | D 1.0552
  step  1200 | G 1.4570 | D 0.8696
  step  1300 | G 1.2672 | D 0.8800
  step  1400 | G 1.5203 | D 0.9045
  step  1500 | G 1.3713 | D 0.9711
Epoch 00015 | G Loss: 1.6233 | D Loss: 0.9562 | Time: 1582.98s
  step   100 | G 1.6451 | D 1.0635
  step   200 | G 1.8190 | D 0.9736
  step   300 | G 1.7460 | D 0.9022
  step   400 | G 1.7250 | D 0.9086
  step   500 | G 1.6510 | D 0.9978
  step   600 | G 1.5886 | D 0.9359
  step   700 | G 1.6774 | D 0.8939
  step   800 | G 1.5615 | D 0.8259
  step   900 | G 1.7933 | D 0.9578
  step  1000 | G 2.1852 | D 0.8051
  step  1100 | G 1.8073 | D 0.8951
  step  1200 | G 1.6861 | D 0.8535
  step  1300 | G 0.8992 | D 1.0803
  step  1400 | G 1.9942 | D 0.9303
  step  1500 | G 1.7170 | D 0.8399
Epoch 00016 | G Loss: 1.6546 | D Loss: 0.9338 | Time: 1577.01s
  step   100 | G 1.7250 | D 0.9432
  step   200 | G 2.0649 | D 0.9753
  step   300 | G 1.6140 | D 0.9431
  step   400 | G 1.5267 | D 1.1612
  step   500 | G 1.5967 | D 1.0135
  step   600 | G 1.5165 | D 0.9602
  step   700 | G 2.0372 | D 1.1055
  step   800 | G 1.7850 | D 1.0043
  step   900 | G 1.6611 | D 0.9654
  step  1000 | G 1.8530 | D 0.8566
  step  1100 | G 1.5424 | D 0.9674
  step  1200 | G 1.4693 | D 1.0462
  step  1300 | G 1.1940 | D 1.0307
  step  1400 | G 1.4393 | D 0.8992
  step  1500 | G 1.4465 | D 0.9002
Epoch 00017 | G Loss: 1.6292 | D Loss: 0.9586 | Time: 1585.48s
  step   100 | G 1.8350 | D 0.9030
  step   200 | G 1.7926 | D 0.8743
  step   300 | G 1.4934 | D 0.8338
  step   400 | G 1.6240 | D 0.9057
  step   500 | G 1.4590 | D 0.9006
  step   600 | G 1.4576 | D 1.0764
  step   700 | G 1.5473 | D 0.8070
  step   800 | G 1.4093 | D 0.9972
  step   900 | G 1.7772 | D 1.0195
  step  1000 | G 1.4689 | D 0.9418
  step  1100 | G 1.5653 | D 0.9310
  step  1200 | G 1.8657 | D 1.0760
  step  1300 | G 1.8179 | D 0.7806
  step  1400 | G 1.7445 | D 0.8996
  step  1500 | G 1.6753 | D 1.0041
Epoch 00018 | G Loss: 1.6348 | D Loss: 0.9372 | Time: 1577.77s
  step   100 | G 1.9327 | D 0.6831
  step   200 | G 1.8220 | D 0.8626
  step   300 | G 1.8935 | D 0.8011
  step   400 | G 1.6687 | D 0.8830
  step   500 | G 1.5565 | D 0.8923
  step   600 | G 1.6100 | D 0.9744
  step   700 | G 1.1187 | D 1.1378
  step   800 | G 1.3339 | D 1.0713
  step   900 | G 1.7766 | D 1.0061
  step  1000 | G 1.5470 | D 0.8734
  step  1100 | G 1.5311 | D 0.7887
  step  1200 | G 1.5097 | D 0.8115
  step  1300 | G 1.4452 | D 0.9237
  step  1400 | G 1.8905 | D 0.9231
  step  1500 | G 1.5732 | D 0.9550
Epoch 00019 | G Loss: 1.6005 | D Loss: 0.9732 | Time: 1580.17s
  step   100 | G 1.7910 | D 0.9280
  step   200 | G 1.8697 | D 0.9663
  step   300 | G 1.2273 | D 0.9842
  step   400 | G 1.8633 | D 1.1100
  step   500 | G 1.4066 | D 0.8824
  step   600 | G 1.4674 | D 1.0034
  step   700 | G 1.4804 | D 1.0269
  step   800 | G 1.6803 | D 0.9123
  step   900 | G 1.7183 | D 0.9657
  step  1000 | G 1.7342 | D 0.9393
  step  1100 | G 1.3251 | D 0.8850
  step  1200 | G 1.6453 | D 0.9906
  step  1300 | G 1.7318 | D 1.0327
  step  1400 | G 1.2695 | D 1.1921
  step  1500 | G 1.6434 | D 0.9103
Epoch 00020 | G Loss: 1.6374 | D Loss: 0.9455 | Time: 1557.33s
  step   100 | G 1.4891 | D 0.8288
  step   200 | G 1.5134 | D 1.0553
  step   300 | G 1.7010 | D 1.0709
  step   400 | G 1.6270 | D 0.9462
  step   500 | G 1.7005 | D 0.8735
  step   600 | G 1.5151 | D 0.8093
  step   700 | G 1.9045 | D 1.0830
  step   800 | G 1.7970 | D 0.9448
  step   900 | G 1.5810 | D 0.9854
  step  1000 | G 1.6830 | D 0.9140
  step  1100 | G 1.9144 | D 1.0804
  step  1200 | G 1.8479 | D 0.8096
  step  1300 | G 1.5952 | D 0.9046
  step  1400 | G 1.6513 | D 0.9412
  step  1500 | G 1.3703 | D 0.7507
Epoch 00021 | G Loss: 1.6376 | D Loss: 0.9386 | Time: 1554.75s
  step   100 | G 1.8885 | D 0.9296
  step   200 | G 1.3947 | D 1.0147
  step   300 | G 1.4368 | D 1.0029
  step   400 | G 1.4249 | D 1.1896
  step   500 | G 1.5039 | D 0.8384
  step   600 | G 1.4606 | D 1.0087
  step   700 | G 1.6956 | D 0.9309
  step   800 | G 1.8905 | D 0.9202
  step   900 | G 1.7280 | D 1.0379
  step  1000 | G 1.6287 | D 0.9424
  step  1100 | G 1.8383 | D 0.9779
  step  1200 | G 1.7266 | D 0.7699
  step  1300 | G 1.3204 | D 1.0584
  step  1400 | G 1.4495 | D 0.9087
  step  1500 | G 1.6873 | D 1.1124
Epoch 00022 | G Loss: 1.6135 | D Loss: 0.9599 | Time: 1550.32s
  step   100 | G 1.6109 | D 0.8631
  step   200 | G 2.3958 | D 1.0543
  step   300 | G 1.7800 | D 0.8814
  step   400 | G 1.9873 | D 1.0620
  step   500 | G 1.8425 | D 0.8374
  step   600 | G 1.9368 | D 0.8990
  step   700 | G 1.6548 | D 0.8831
  step   800 | G 2.0050 | D 0.9057
  step   900 | G 1.7482 | D 0.7663
  step  1000 | G 1.7076 | D 1.5524
  step  1100 | G 1.2834 | D 0.9499
  step  1200 | G 1.6698 | D 0.9346
  step  1300 | G 1.5396 | D 0.8217
  step  1400 | G 1.6858 | D 0.9112
  step  1500 | G 1.4439 | D 1.0253
Epoch 00023 | G Loss: 1.6263 | D Loss: 0.9652 | Time: 1554.23s
  step   100 | G 1.7811 | D 0.9608
  step   200 | G 1.7713 | D 0.9215
  step   300 | G 1.5288 | D 0.8152
  step   400 | G 1.8209 | D 0.8274
  step   500 | G 1.8494 | D 0.9622
  step   600 | G 1.3777 | D 0.8419
  step   700 | G 1.6389 | D 0.8956
  step   800 | G 1.2725 | D 0.8630
  step   900 | G 1.5538 | D 0.9877
  step  1000 | G 1.4826 | D 0.9389
  step  1100 | G 1.2374 | D 0.8906
  step  1200 | G 1.7854 | D 0.8717
  step  1300 | G 1.2419 | D 1.0042
  step  1400 | G 1.5477 | D 0.9227
  step  1500 | G 1.7679 | D 0.9842
Epoch 00024 | G Loss: 1.6470 | D Loss: 0.9312 | Time: 1548.88s
  step   100 | G 2.0789 | D 0.9941
  step   200 | G 1.8181 | D 0.7987
  step   300 | G 1.5692 | D 0.9411
  step   400 | G 1.7228 | D 0.9437
  step   500 | G 1.9722 | D 0.9058
  step   600 | G 1.7256 | D 0.9158
  step   700 | G 1.4782 | D 0.9080
  step   800 | G 1.7112 | D 0.8370
  step   900 | G 0.9857 | D 1.0876
  step  1000 | G 1.4875 | D 0.9143
  step  1100 | G 1.6260 | D 0.9956
  step  1200 | G 1.6702 | D 0.9356
  step  1300 | G 1.8640 | D 0.9617
  step  1400 | G 1.4675 | D 0.9431
  step  1500 | G 1.5929 | D 0.8290
Epoch 00025 | G Loss: 1.6756 | D Loss: 0.9319 | Time: 1550.94s
  step   100 | G 1.4570 | D 0.8542
  step   200 | G 1.0009 | D 0.9981
  step   300 | G 1.7593 | D 1.0133
  step   400 | G 1.4562 | D 0.9641
  step   500 | G 1.9165 | D 0.8325
  step   600 | G 1.7693 | D 0.9302
  step   700 | G 2.1943 | D 0.8323
  step   800 | G 1.8863 | D 0.9658
  step   900 | G 1.7323 | D 0.9392
  step  1000 | G 1.8271 | D 0.8439
  step  1100 | G 1.5968 | D 1.0944
  step  1200 | G 1.2893 | D 1.2427
  step  1300 | G 1.4719 | D 1.0190
  step  1400 | G 1.6190 | D 1.0005
  step  1500 | G 1.6444 | D 0.8414
Epoch 00026 | G Loss: 1.6526 | D Loss: 0.9653 | Time: 1552.04s
  step   100 | G 1.3081 | D 0.9154
  step   200 | G 1.6388 | D 0.8641
  step   300 | G 2.0755 | D 0.9292
  step   400 | G 1.4292 | D 0.9225
  step   500 | G 1.4212 | D 1.0224
  step   600 | G 1.8859 | D 1.0814
  step   700 | G 1.2122 | D 0.8836
  step   800 | G 1.7188 | D 0.7358
  step   900 | G 1.7273 | D 1.0044
  step  1000 | G 1.5760 | D 0.9343
  step  1100 | G 1.4637 | D 0.8626
  step  1200 | G 1.7631 | D 0.9644
  step  1300 | G 1.9713 | D 0.9546
  step  1400 | G 1.9520 | D 0.9675
  step  1500 | G 1.5758 | D 0.9143
Epoch 00027 | G Loss: 1.6655 | D Loss: 0.9234 | Time: 1549.41s
  step   100 | G 1.4809 | D 0.9528
  step   200 | G 1.5496 | D 0.8832
  step   300 | G 1.6865 | D 0.9062
  step   400 | G 2.1521 | D 0.9625
  step   500 | G 1.9402 | D 1.0597
  step   600 | G 1.4444 | D 0.9643
  step   700 | G 1.8131 | D 0.8978
  step   800 | G 1.2939 | D 1.4220
  step   900 | G 1.6027 | D 0.8863
  step  1000 | G 1.5698 | D 0.9389
  step  1100 | G 1.7640 | D 0.8220
  step  1200 | G 1.7923 | D 0.8537
  step  1300 | G 1.8366 | D 0.9023
  step  1400 | G 1.5823 | D 0.8800
  step  1500 | G 1.7191 | D 0.9699
Epoch 00028 | G Loss: 1.6354 | D Loss: 0.9689 | Time: 1550.60s
  step   100 | G 1.7606 | D 0.7681
  step   200 | G 1.3259 | D 0.8999
  step   300 | G 2.0223 | D 0.7265
  step   400 | G 1.6758 | D 0.7716
  step   500 | G 1.4522 | D 0.7761
  step   600 | G 1.8148 | D 0.9827
  step   700 | G 1.5862 | D 0.8049
  step   800 | G 1.3333 | D 0.8632
  step   900 | G 0.9667 | D 1.3024
  step  1000 | G 1.0696 | D 0.9289
  step  1100 | G 1.4105 | D 0.8990
  step  1200 | G 1.5101 | D 0.9090
  step  1300 | G 1.6974 | D 0.8889
  step  1400 | G 1.6895 | D 0.9789
  step  1500 | G 2.4738 | D 1.0278
Epoch 00029 | G Loss: 1.6880 | D Loss: 0.9163 | Time: 1549.11s
  step   100 | G 1.4933 | D 1.0070
  step   200 | G 1.2750 | D 1.1793
  step   300 | G 1.4963 | D 0.9492
  step   400 | G 1.5107 | D 0.9083
  step   500 | G 1.2731 | D 0.8268
  step   600 | G 1.6965 | D 1.0073
  step   700 | G 1.7675 | D 0.7849
  step   800 | G 1.8309 | D 0.8483
  step   900 | G 1.8907 | D 0.7768
  step  1000 | G 1.7270 | D 0.9055
  step  1100 | G 1.4887 | D 0.9750
  step  1200 | G 1.9069 | D 0.8492
  step  1300 | G 1.3588 | D 0.9595
  step  1400 | G 1.5067 | D 0.8671
  step  1500 | G 2.4293 | D 0.8600
Epoch 00030 | G Loss: 1.6408 | D Loss: 0.9598 | Time: 1548.37s
  step   100 | G 2.0614 | D 1.0385
  step   200 | G 1.5855 | D 0.9870
  step   300 | G 1.6467 | D 0.8334
  step   400 | G 1.8170 | D 0.8967
  step   500 | G 1.5318 | D 0.9437
  step   600 | G 1.2623 | D 0.9030
  step   700 | G 1.7685 | D 0.9508
  step   800 | G 1.4349 | D 0.9123
  step   900 | G 1.8458 | D 0.8536
  step  1000 | G 1.5124 | D 0.8975
  step  1100 | G 1.6606 | D 0.7687
  step  1200 | G 1.5596 | D 0.8591
  step  1300 | G 1.8150 | D 0.8481
  step  1400 | G 1.9746 | D 0.9760
  step  1500 | G 1.6061 | D 0.9948
Epoch 00031 | G Loss: 1.6805 | D Loss: 0.9313 | Time: 1550.69s
  step   100 | G 1.7953 | D 0.8943
  step   200 | G 2.0565 | D 0.7662
  step   300 | G 1.4891 | D 0.9513
  step   400 | G 1.5380 | D 0.7685
  step   500 | G 1.7717 | D 0.8784
  step   600 | G 1.7083 | D 0.8776
  step   700 | G 1.9078 | D 1.0346
  step   800 | G 1.4746 | D 0.9357
  step   900 | G 1.8772 | D 0.8966
  step  1000 | G 1.7954 | D 0.9254
  step  1100 | G 1.6477 | D 1.0000
  step  1200 | G 1.8794 | D 0.9505
  step  1300 | G 2.0515 | D 0.9469
  step  1400 | G 1.3128 | D 0.9993
  step  1500 | G 1.6541 | D 0.9960
Epoch 00032 | G Loss: 1.7182 | D Loss: 0.9347 | Time: 1553.05s
  step   100 | G 1.8405 | D 0.7866
  step   200 | G 1.6722 | D 0.8755
  step   300 | G 1.4619 | D 0.7455
  step   400 | G 1.6954 | D 0.9478
  step   500 | G 1.8746 | D 0.9419
  step   600 | G 1.4868 | D 0.8567
  step   700 | G 1.2576 | D 0.9358
  step   800 | G 2.2554 | D 0.9748
  step   900 | G 1.5730 | D 0.9548
  step  1000 | G 2.1629 | D 1.0251
  step  1100 | G 1.4449 | D 0.8924
  step  1200 | G 2.0950 | D 0.8506
  step  1300 | G 1.8245 | D 0.8293
  step  1400 | G 1.6941 | D 0.9643
  step  1500 | G 1.3478 | D 0.8683
Epoch 00033 | G Loss: 1.7163 | D Loss: 0.8947 | Time: 1547.64s
  step   100 | G 1.7517 | D 0.8815
  step   200 | G 1.2567 | D 0.8992
  step   300 | G 1.5453 | D 0.8477
  step   400 | G 1.5081 | D 0.8754
  step   500 | G 1.4809 | D 0.8138
  step   600 | G 1.1217 | D 0.9617
  step   700 | G 1.6531 | D 0.9867
  step   800 | G 1.4497 | D 0.9091
  step   900 | G 2.6804 | D 1.0708
  step  1000 | G 1.9539 | D 0.7550
  step  1100 | G 1.5735 | D 0.8988
  step  1200 | G 1.4049 | D 0.9080
  step  1300 | G 2.1381 | D 0.8014
  step  1400 | G 1.7530 | D 0.9632
  step  1500 | G 1.6574 | D 0.8425
Epoch 00034 | G Loss: 1.7131 | D Loss: 0.9254 | Time: 1548.48s
  step   100 | G 1.5532 | D 0.9354
  step   200 | G 1.4260 | D 0.9591
  step   300 | G 1.3584 | D 0.9275
  step   400 | G 1.2898 | D 0.9007
  step   500 | G 1.4838 | D 0.8402
  step   600 | G 1.4874 | D 0.9490
  step   700 | G 1.8937 | D 0.8773
  step   800 | G 1.5232 | D 1.0146
  step   900 | G 1.6686 | D 0.9230
  step  1000 | G 1.2972 | D 0.8065
  step  1100 | G 2.2323 | D 0.8286
  step  1200 | G 1.3477 | D 0.8735
  step  1300 | G 1.9259 | D 0.9545
  step  1400 | G 1.8563 | D 0.9291
  step  1500 | G 1.9795 | D 0.9009
Epoch 00035 | G Loss: 1.7611 | D Loss: 0.9012 | Time: 1547.98s
  step   100 | G 1.4646 | D 1.0876
  step   200 | G 1.4925 | D 0.9123
  step   300 | G 1.4857 | D 0.9581
  step   400 | G 1.5560 | D 0.8336
  step   500 | G 1.6477 | D 0.7968
  step   600 | G 1.5419 | D 0.8885
  step   700 | G 1.3624 | D 0.9486
  step   800 | G 1.8783 | D 0.8750
  step   900 | G 1.7310 | D 0.8885
  step  1000 | G 1.4265 | D 0.9156
  step  1100 | G 2.4319 | D 0.8414
  step  1200 | G 1.5154 | D 0.7552
  step  1300 | G 1.6131 | D 0.9161
  step  1400 | G 2.2855 | D 0.9744
  step  1500 | G 1.3543 | D 0.9191
Epoch 00036 | G Loss: 1.7294 | D Loss: 0.9218 | Time: 1548.19s
  step   100 | G 1.9235 | D 0.7065
  step   200 | G 1.9065 | D 0.8256
  step   300 | G 1.6445 | D 0.9225
  step   400 | G 1.4303 | D 0.8972
  step   500 | G 1.7876 | D 0.8834
  step   600 | G 1.8944 | D 1.0002
  step   700 | G 1.5650 | D 1.0429
  step   800 | G 1.8661 | D 0.8374
  step   900 | G 1.6554 | D 0.8748
  step  1000 | G 1.6983 | D 0.8912
  step  1100 | G 1.7867 | D 0.8578
  step  1200 | G 1.6884 | D 0.8784
  step  1300 | G 1.4598 | D 0.8921
  step  1400 | G 1.6507 | D 0.9052
  step  1500 | G 1.6631 | D 0.8709
Epoch 00037 | G Loss: 1.7746 | D Loss: 0.8932 | Time: 1549.89s
  step   100 | G 2.0916 | D 0.8185
  step   200 | G 2.0215 | D 0.9349
  step   300 | G 2.0882 | D 0.8997
  step   400 | G 1.4673 | D 0.8305
  step   500 | G 1.7491 | D 0.8783
  step   600 | G 1.2069 | D 0.9083
  step   700 | G 1.5655 | D 1.0954
  step   800 | G 2.1415 | D 0.8237
  step   900 | G 1.7343 | D 0.8957
  step  1000 | G 1.8976 | D 0.8054
  step  1100 | G 2.5499 | D 0.9918
  step  1200 | G 1.9102 | D 0.7031
  step  1300 | G 2.1414 | D 0.9189
  step  1400 | G 1.2485 | D 0.8517
  step  1500 | G 1.2800 | D 0.8354
Epoch 00038 | G Loss: 1.7972 | D Loss: 0.8987 | Time: 1549.02s
  step   100 | G 1.7585 | D 0.7875
  step   200 | G 1.3926 | D 0.9097
  step   300 | G 1.5051 | D 0.8953
  step   400 | G 1.8232 | D 0.7905
  step   500 | G 2.3357 | D 0.9190
  step   600 | G 1.9195 | D 0.8339
  step   700 | G 1.3742 | D 0.9787
  step   800 | G 2.2244 | D 0.9945
  step   900 | G 1.0928 | D 0.9536
  step  1000 | G 2.1467 | D 0.8198
  step  1100 | G 1.3973 | D 0.9097
  step  1200 | G 1.7687 | D 0.8303
  step  1300 | G 1.6511 | D 0.8090
  step  1400 | G 1.6695 | D 0.8111
  step  1500 | G 1.5169 | D 0.8025
Epoch 00039 | G Loss: 1.8266 | D Loss: 0.8851 | Time: 1549.60s
  step   100 | G 1.7860 | D 0.9000
  step   200 | G 1.7159 | D 0.8818
  step   300 | G 2.1105 | D 0.8157
  step   400 | G 1.4331 | D 0.7637
  step   500 | G 1.7829 | D 0.8110
  step   600 | G 2.1003 | D 0.8216
  step   700 | G 2.2193 | D 0.8009
  step   800 | G 2.4512 | D 0.7345
  step   900 | G 1.9251 | D 0.8021
  step  1000 | G 2.2624 | D 0.8944
  step  1100 | G 1.6806 | D 0.9139
  step  1200 | G 1.8117 | D 0.8183
  step  1300 | G 1.8677 | D 0.9403
  step  1400 | G 2.0846 | D 0.8934
  step  1500 | G 2.2603 | D 0.7902
Epoch 00040 | G Loss: 1.8650 | D Loss: 0.8416 | Time: 1547.68s
  step   100 | G 2.4464 | D 0.9085
  step   200 | G 1.5901 | D 0.8446
  step   300 | G 1.8023 | D 0.7468
  step   400 | G 1.1516 | D 1.2908
  step   500 | G 2.6121 | D 0.9249
  step   600 | G 1.7358 | D 0.8833
  step   700 | G 2.5553 | D 0.8142
  step   800 | G 1.4898 | D 0.8463
  step   900 | G 2.0538 | D 0.7755
  step  1000 | G 2.1909 | D 0.8415
  step  1100 | G 1.6099 | D 1.1151
  step  1200 | G 1.5924 | D 0.8798
  step  1300 | G 2.0084 | D 0.7958
  step  1400 | G 1.6148 | D 0.9423
  step  1500 | G 1.5856 | D 0.8828
Epoch 00041 | G Loss: 1.9105 | D Loss: 0.8471 | Time: 1548.10s
  step   100 | G 1.8965 | D 0.7518
  step   200 | G 1.7729 | D 0.7735
  step   300 | G 2.0332 | D 0.7326
  step   400 | G 1.7161 | D 0.8040
  step   500 | G 1.5116 | D 0.8087
  step   600 | G 1.7650 | D 0.8099
  step   700 | G 1.3912 | D 0.7900
  step   800 | G 2.4307 | D 0.8195
  step   900 | G 1.7386 | D 0.8062
  step  1000 | G 2.2787 | D 0.7559
  step  1100 | G 2.0011 | D 0.8774
  step  1200 | G 1.8386 | D 0.6530
  step  1300 | G 1.7892 | D 1.0953
  step  1400 | G 1.4961 | D 0.9650
  step  1500 | G 1.5795 | D 0.8902
Epoch 00042 | G Loss: 1.9500 | D Loss: 0.8492 | Time: 1548.69s
  step   100 | G 2.0215 | D 0.6262
  step   200 | G 1.7521 | D 0.8359
  step   300 | G 1.7005 | D 0.7480
  step   400 | G 2.4393 | D 0.9172
  step   500 | G 1.7234 | D 0.8011
  step   600 | G 1.9351 | D 0.8331
  step   700 | G 1.5882 | D 0.7425
  step   800 | G 2.2231 | D 0.9172
  step   900 | G 1.9021 | D 0.7445
  step  1000 | G 2.2576 | D 0.6964
  step  1100 | G 1.9155 | D 0.8521
  step  1200 | G 2.1215 | D 0.8616
  step  1300 | G 1.9113 | D 0.7719
  step  1400 | G 1.7362 | D 0.9021
  step  1500 | G 1.7627 | D 0.7332
Epoch 00043 | G Loss: 1.9586 | D Loss: 0.8347 | Time: 1544.78s
  step   100 | G 1.7512 | D 0.9531
  step   200 | G 1.3073 | D 0.8582
  step   300 | G 1.9541 | D 0.7648
  step   400 | G 1.8527 | D 0.7876
  step   500 | G 2.1021 | D 0.6281
  step   600 | G 2.7598 | D 0.8051
  step   700 | G 1.9952 | D 0.8201
  step   800 | G 2.5835 | D 0.6251
  step   900 | G 2.4345 | D 0.8444
  step  1000 | G 2.3053 | D 0.6635
  step  1100 | G 1.6480 | D 0.7808
  step  1200 | G 2.2172 | D 0.7395
  step  1300 | G 2.0176 | D 0.7140
  step  1400 | G 1.8671 | D 0.8208
  step  1500 | G 2.7393 | D 0.9235
Epoch 00044 | G Loss: 2.0272 | D Loss: 0.7937 | Time: 1648.87s
  step   100 | G 1.9067 | D 0.6632
  step   200 | G 2.2105 | D 0.7087
  step   300 | G 1.9252 | D 0.7143
  step   400 | G 2.0406 | D 0.6811
  step   500 | G 1.4827 | D 0.9113
  step   600 | G 1.9655 | D 0.7499
  step   700 | G 2.7453 | D 1.0474
  step   800 | G 2.5632 | D 0.8209
  step   900 | G 2.1234 | D 0.8237
  step  1000 | G 2.4703 | D 0.7572
  step  1100 | G 3.1529 | D 0.8811
  step  1200 | G 2.0500 | D 0.8037
  step  1300 | G 2.1746 | D 0.7192
  step  1400 | G 1.4684 | D 0.7467
  step  1500 | G 1.8885 | D 0.6756
Epoch 00045 | G Loss: 2.0691 | D Loss: 0.8079 | Time: 1631.83s
  step   100 | G 2.4097 | D 0.6988
  step   200 | G 2.0591 | D 0.6971
  step   300 | G 2.9623 | D 0.7974
  step   400 | G 2.1371 | D 0.7422
  step   500 | G 1.8432 | D 0.6969
  step   600 | G 2.4659 | D 0.9306
  step   700 | G 2.4121 | D 0.7833
  step   800 | G 1.8617 | D 0.8315
  step   900 | G 1.6656 | D 0.7151
  step  1000 | G 1.8219 | D 0.8436
  step  1100 | G 1.9259 | D 0.7081
  step  1200 | G 1.7033 | D 0.7576
  step  1300 | G 2.7203 | D 0.8303
  step  1400 | G 1.9721 | D 0.7100
  step  1500 | G 3.6947 | D 0.7294
Epoch 00046 | G Loss: 2.0866 | D Loss: 0.8022 | Time: 1576.79s
  step   100 | G 2.2041 | D 0.6817
  step   200 | G 1.8486 | D 0.6642
  step   300 | G 2.2223 | D 0.6666
  step   400 | G 2.4804 | D 0.6624
  step   500 | G 1.8094 | D 0.7384
  step   600 | G 2.2681 | D 0.7850
  step   700 | G 2.4671 | D 0.5783
  step   800 | G 1.8890 | D 0.6893
  step   900 | G 2.0045 | D 0.8558
  step  1000 | G 2.3999 | D 0.6774
  step  1100 | G 2.6515 | D 0.6002
  step  1200 | G 1.6187 | D 0.6372
  step  1300 | G 1.7524 | D 0.8555
  step  1400 | G 1.6301 | D 0.8947
  step  1500 | G 2.0044 | D 0.7709
Epoch 00047 | G Loss: 2.1337 | D Loss: 0.8029 | Time: 1595.67s
  step   100 | G 2.5033 | D 0.6711
  step   200 | G 2.3277 | D 0.8018
  step   300 | G 1.8878 | D 0.5446
  step   400 | G 1.7942 | D 0.7439
  step   500 | G 2.1314 | D 0.6391
  step   600 | G 2.4962 | D 0.6369
  step   700 | G 2.8123 | D 0.7606
  step   800 | G 2.3154 | D 0.7611
  step   900 | G 2.3313 | D 0.6387
  step  1000 | G 2.0177 | D 0.8782
  step  1100 | G 2.2377 | D 0.6983
  step  1200 | G 2.0874 | D 0.9558
  step  1300 | G 1.9487 | D 0.6486
  step  1400 | G 2.6505 | D 0.7516
  step  1500 | G 2.3614 | D 0.6658
Epoch 00048 | G Loss: 2.1715 | D Loss: 0.7470 | Time: 1570.94s
  step   100 | G 2.1565 | D 0.8419
  step   200 | G 2.5090 | D 0.8809
  step   300 | G 1.9224 | D 0.7188
  step   400 | G 1.9088 | D 1.0027
  step   500 | G 1.9550 | D 0.6524
  step   600 | G 2.3134 | D 0.7064
  step   700 | G 2.0037 | D 0.8786
  step   800 | G 1.8560 | D 0.7085
  step   900 | G 1.7637 | D 0.8084
  step  1000 | G 1.8820 | D 0.7521
  step  1100 | G 2.0314 | D 0.6639
  step  1200 | G 2.2309 | D 0.7031
  step  1300 | G 2.5777 | D 0.7396
  step  1400 | G 2.0649 | D 0.8204
  step  1500 | G 2.3084 | D 0.6652
Epoch 00049 | G Loss: 2.2033 | D Loss: 0.7506 | Time: 1564.46s
  step   100 | G 2.0286 | D 0.8379
  step   200 | G 2.4245 | D 0.7791
  step   300 | G 1.9803 | D 0.8344
  step   400 | G 2.8282 | D 0.7765
  step   500 | G 2.2438 | D 0.7382
  step   600 | G 1.7930 | D 1.0810
  step   700 | G 1.3660 | D 0.7614
  step   800 | G 1.8702 | D 0.9204
  step   900 | G 2.1748 | D 0.6402
  step  1000 | G 1.8756 | D 0.6171
  step  1100 | G 2.7095 | D 0.6512
  step  1200 | G 2.4768 | D 0.6960
  step  1300 | G 1.7855 | D 0.6808
  step  1400 | G 1.9822 | D 0.7405
  step  1500 | G 2.5747 | D 0.6176
Epoch 00050 | G Loss: 2.2363 | D Loss: 0.7556 | Time: 1708.47s

============================================================
Résumé Epoch 00050
============================================================
Moyenne G Loss (derniers 50 epochs): 1.8123
Moyenne D Loss (derniers 50 epochs): 0.8810
============================================================

  step   100 | G 2.2616 | D 0.6705
  step   200 | G 2.1921 | D 0.6114
  step   300 | G 2.1511 | D 0.4978
  step   400 | G 2.6202 | D 0.7047
  step   500 | G 3.0545 | D 0.8561
  step   600 | G 2.1696 | D 0.7027
  step   700 | G 1.8116 | D 0.5936
  step   800 | G 2.1884 | D 0.5717
  step   900 | G 2.6485 | D 0.6858
  step  1000 | G 2.0969 | D 0.7203
  step  1100 | G 2.7974 | D 0.6866
  step  1200 | G 1.7805 | D 0.6868
  step  1300 | G 1.8267 | D 0.6575
  step  1400 | G 1.9480 | D 0.8314
  step  1500 | G 2.2946 | D 0.6393
Epoch 00051 | G Loss: 2.3048 | D Loss: 0.7176 | Time: 1612.94s
  step   100 | G 2.2564 | D 0.6472
  step   200 | G 2.3106 | D 0.4997
  step   300 | G 2.1765 | D 0.6730
  step   400 | G 1.7403 | D 0.7680
  step   500 | G 2.5423 | D 0.5562
  step   600 | G 2.4602 | D 0.8981
  step   700 | G 1.9908 | D 0.6739
  step   800 | G 2.0968 | D 0.6629
  step   900 | G 2.5629 | D 0.8065
  step  1000 | G 2.9459 | D 0.6175
  step  1100 | G 1.9558 | D 0.7232
  step  1200 | G 2.7100 | D 0.6838
  step  1300 | G 1.5666 | D 0.8121
  step  1400 | G 2.1131 | D 0.5562
  step  1500 | G 2.1110 | D 0.7587
Epoch 00052 | G Loss: 2.3506 | D Loss: 0.7286 | Time: 1614.89s
  step   100 | G 2.4087 | D 0.7426
  step   200 | G 2.3730 | D 0.5488
  step   300 | G 2.6430 | D 0.6175
  step   400 | G 2.0550 | D 0.6394
  step   500 | G 2.2301 | D 0.6143
  step   600 | G 1.5175 | D 1.1318
  step   700 | G 1.9597 | D 0.8124
  step   800 | G 2.2421 | D 0.6219
  step   900 | G 3.0134 | D 0.5115
  step  1000 | G 2.3572 | D 0.7345
  step  1100 | G 1.9701 | D 0.7373
  step  1200 | G 1.8574 | D 0.9443
  step  1300 | G 2.0517 | D 0.6422
  step  1400 | G 3.0081 | D 0.7698
  step  1500 | G 2.1190 | D 0.7902
Epoch 00053 | G Loss: 2.3669 | D Loss: 0.7202 | Time: 1608.21s
  step   100 | G 2.0123 | D 0.6155
  step   200 | G 3.4459 | D 0.7636
  step   300 | G 2.0084 | D 0.9509
  step   400 | G 2.4918 | D 0.6046
  step   500 | G 2.4749 | D 0.7793
  step   600 | G 2.5337 | D 0.5464
  step   700 | G 2.3985 | D 0.7156
  step   800 | G 1.4978 | D 0.7405
  step   900 | G 2.4613 | D 0.7349
  step  1000 | G 2.3117 | D 0.6389
  step  1100 | G 1.4818 | D 0.6117
  step  1200 | G 2.3039 | D 0.6566
  step  1300 | G 2.1518 | D 0.5491
  step  1400 | G 2.1373 | D 0.7495
  step  1500 | G 2.4891 | D 0.5926
Epoch 00054 | G Loss: 2.4216 | D Loss: 0.7117 | Time: 1625.72s
  step   100 | G 2.8620 | D 0.6675
  step   200 | G 2.6049 | D 0.6899
  step   300 | G 2.7426 | D 0.5663
  step   400 | G 2.6289 | D 0.6073
  step   500 | G 2.4262 | D 0.6611
  step   600 | G 3.5054 | D 0.6471
  step   700 | G 2.5885 | D 0.6104
  step   800 | G 2.3836 | D 0.6432
  step   900 | G 2.7228 | D 0.5273
  step  1000 | G 2.5461 | D 0.7833
  step  1100 | G 2.4897 | D 0.5990
  step  1200 | G 2.7456 | D 0.6772
